<?xml version="1.0" encoding="UTF-8"?>
<testsuite xmlns:xsi="http://www.w3.org/2001/XMLSchema-instance" xsi:noNamespaceSchemaLocation="https://maven.apache.org/surefire/maven-surefire-plugin/xsd/surefire-test-report-3.0.xsd" version="3.0" name="com.cicd.webapi.WebapiApplicationTests" time="5.684" tests="3" errors="0" skipped="0" failures="0">
  <properties>
[...]
</properties>
  <testcase name="checkHealthyResponse" classname="com.cicd.webapi.WebapiApplicationTests" time="1.6">
    <system-out><![CDATA[21:27:49.957 [main] INFO org.springframework.test.context.support.AnnotationConfigContextLoaderUtils -- Could not detect default configuration classes for test class [com.cicd.webapi.WebapiApplicationTests]: WebapiApplicationTests does not declare any static, non-private, non-final, nested classes annotated with @Configuration.
21:27:50.240 [main] INFO org.springframework.boot.test.context.SpringBootTestContextBootstrapper -- Found @SpringBootConfiguration com.cicd.webapi.WebapiApplication for test class com.cicd.webapi.WebapiApplicationTests

  .   ____          _            __ _ _
 /\\ / ___'_ __ _ _(_)_ __  __ _ \ \ \ \
( ( )\___ | '_ | '_| | '_ \/ _` | \ \ \ \
 \\/  ___)| |_)| | | | | || (_| |  ) ) ) )
  '  |____| .__|_| |_|_| |_\__, | / / / /
 =========|_|==============|___/=/_/_/_/
 :: Spring Boot ::                (v3.2.5)

2026-08-18T21:27:50.983-04:00  INFO 3348 --- [webapi] [           main] com.cicd.webapi.WebapiApplicationTests   : Starting WebapiApplicationTests using Java 21.0.12 with PID 3348 (started by Richard in D:\diplomado\laboratoriosmod4\ci-cd-labs)
2026-08-18T21:27:50.984-04:00  INFO 3348 --- [webapi] [           main] com.cicd.webapi.WebapiApplicationTests   : No active profile set, falling back to 1 default profile: "default"
2026-08-18T21:27:53.522-04:00  INFO 3348 --- [webapi] [           main] o.s.b.t.m.w.SpringBootMockServletContext : Initializing Spring TestDispatcherServlet ''
2026-08-18T21:27:53.523-04:00  INFO 3348 --- [webapi] [           main] o.s.t.web.servlet.TestDispatcherServlet  : Initializing Servlet ''
2026-08-18T21:27:53.527-04:00  INFO 3348 --- [webapi] [           main] o.s.t.web.servlet.TestDispatcherServlet  : Completed initialization in 1 ms
2026-08-18T21:27:53.575-04:00  INFO 3348 --- [webapi] [           main] com.cicd.webapi.WebapiApplicationTests   : Started WebapiApplicationTests in 3.056 seconds (process running for 5.072)
]]></system-out>
    <system-err><![CDATA[WARNING: A Java agent has been loaded dynamically (C:\Users\Richard\.m2\repository\net\bytebuddy\byte-buddy-agent\1.14.13\byte-buddy-agent-1.14.13.jar)
WARNING: If a serviceability tool is in use, please run with -XX:+EnableDynamicAgentLoading to hide this warning
WARNING: If a serviceability tool is not in use, please run with -Djdk.instrument.traceUsage for more information
WARNING: Dynamic loading of agents will be disallowed by default in a future release
]]></system-err>
  </testcase>
  <testcase name="checkDateResponse" classname="com.cicd.webapi.WebapiApplicationTests" time="0.012"/>
  <testcase name="contextLoads" classname="com.cicd.webapi.WebapiApplicationTests" time="0.0"/>
</testsuite>